<?xml version="1.0" encoding="UTF-8"?>
<!-- Generated by org.testng.reporters.JUnitReportReporter -->
<testsuite skipped="3" hostname="aziiz" name="com.testng.GooglePageValidationTest" tests="5" failures="1" timestamp="16 Mar 2019 07:55:34 GMT" time="28.669" errors="0">
  <testcase name="googleLogoTest" time="7.978" classname="com.testng.GooglePageValidationTest"/>
  <testcase name="googleTitleTest" time="5.166" classname="com.testng.GooglePageValidationTest">
    <skipped/>
  </testcase> <!-- googleTitleTest -->
  <testcase name="googleTitleTest" time="5.002" classname="com.testng.GooglePageValidationTest">
    <failure type="java.lang.AssertionError" message="Page Title is not matching :( expected [Expected value should be here] but found [Google]">
      <![CDATA[java.lang.AssertionError: Page Title is not matching :( expected [Expected value should be here] but found [Google]at org.testng.Assert.fail(Assert.java:96)at org.testng.Assert.failNotEquals(Assert.java:776)at org.testng.Assert.assertEqualsImpl(Assert.java:137)at org.testng.Assert.assertEquals(Assert.java:118)at org.testng.Assert.assertEquals(Assert.java:453)at com.testng.GooglePageValidationTest.googleTitleTest(GooglePageValidationTest.java:32)at sun.reflect.NativeMethodAccessorImpl.invoke0(Native Method)at sun.reflect.NativeMethodAccessorImpl.invoke(NativeMethodAccessorImpl.java:62)at sun.reflect.DelegatingMethodAccessorImpl.invoke(DelegatingMethodAccessorImpl.java:43)at java.lang.reflect.Method.invoke(Method.java:498)at org.testng.internal.MethodInvocationHelper.invokeMethod(MethodInvocationHelper.java:124)at org.testng.internal.Invoker.invokeMethod(Invoker.java:571)at org.testng.internal.Invoker.retryFailed(Invoker.java:829)at org.testng.internal.Invoker.invokeTestMethods(Invoker.java:1000)at org.testng.internal.TestMethodWorker.invokeTestMethods(TestMethodWorker.java:125)at org.testng.internal.TestMethodWorker.run(TestMethodWorker.java:109)at org.testng.TestRunner.privateRun(TestRunner.java:648)at org.testng.TestRunner.run(TestRunner.java:505)at org.testng.SuiteRunner.runTest(SuiteRunner.java:455)at org.testng.SuiteRunner.access$000(SuiteRunner.java:40)at org.testng.SuiteRunner$SuiteWorker.run(SuiteRunner.java:489)at org.testng.internal.thread.ThreadUtil$1.call(ThreadUtil.java:52)at java.util.concurrent.FutureTask.run(FutureTask.java:266)at java.util.concurrent.ThreadPoolExecutor.runWorker(ThreadPoolExecutor.java:1149)at java.util.concurrent.ThreadPoolExecutor$Worker.run(ThreadPoolExecutor.java:624)at java.lang.Thread.run(Thread.java:748)]]>
    </failure>
  </testcase> <!-- googleTitleTest -->
  <testcase name="googleTitleTest" time="5.520" classname="com.testng.GooglePageValidationTest">
    <skipped/>
  </testcase> <!-- googleTitleTest -->
  <testcase name="googleTitleTest" time="5.003" classname="com.testng.GooglePageValidationTest">
    <skipped/>
  </testcase> <!-- googleTitleTest -->
</testsuite> <!-- com.testng.GooglePageValidationTest -->
